2019-04-09 21:09:14 Notice: Notice (8): Undefined index: Contato in [/home/aonde/public_html/app/Controller/ContatosController.php, line 839]
Trace:
ErrorHandler::handleError() - CORE/Cake/Error/ErrorHandler.php, line 230
ContatosController::empresa() - APP/Controller/ContatosController.php, line 839
ReflectionMethod::invokeArgs() - [internal], line ??
Controller::invokeAction() - CORE/Cake/Controller/Controller.php, line 499
Dispatcher::_invoke() - CORE/Cake/Routing/Dispatcher.php, line 193
Dispatcher::dispatch() - CORE/Cake/Routing/Dispatcher.php, line 167
[main] - APP/webroot/index.php, line 117

2019-04-09 21:09:14 Notice: Notice (8): Undefined index: Contato in [/home/aonde/public_html/app/Controller/ContatosController.php, line 1395]
Trace:
ErrorHandler::handleError() - CORE/Cake/Error/ErrorHandler.php, line 230
ContatosController::_empresaSEO() - APP/Controller/ContatosController.php, line 1395
ContatosController::empresa() - APP/Controller/ContatosController.php, line 852
ReflectionMethod::invokeArgs() - [internal], line ??
Controller::invokeAction() - CORE/Cake/Controller/Controller.php, line 499
Dispatcher::_invoke() - CORE/Cake/Routing/Dispatcher.php, line 193
Dispatcher::dispatch() - CORE/Cake/Routing/Dispatcher.php, line 167
[main] - APP/webroot/index.php, line 117

2019-04-09 21:09:14 Notice: Notice (8): Undefined index: Contato in [/home/aonde/public_html/app/Controller/ContatosController.php, line 1396]
Trace:
ErrorHandler::handleError() - CORE/Cake/Error/ErrorHandler.php, line 230
ContatosController::_empresaSEO() - APP/Controller/ContatosController.php, line 1396
ContatosController::empresa() - APP/Controller/ContatosController.php, line 852
ReflectionMethod::invokeArgs() - [internal], line ??
Controller::invokeAction() - CORE/Cake/Controller/Controller.php, line 499
Dispatcher::_invoke() - CORE/Cake/Routing/Dispatcher.php, line 193
Dispatcher::dispatch() - CORE/Cake/Routing/Dispatcher.php, line 167
[main] - APP/webroot/index.php, line 117

2019-04-09 21:09:14 Notice: Notice (8): Undefined index: Contato in [/home/aonde/public_html/app/Controller/ContatosController.php, line 1397]
Trace:
ErrorHandler::handleError() - CORE/Cake/Error/ErrorHandler.php, line 230
ContatosController::_empresaSEO() - APP/Controller/ContatosController.php, line 1397
ContatosController::empresa() - APP/Controller/ContatosController.php, line 852
ReflectionMethod::invokeArgs() - [internal], line ??
Controller::invokeAction() - CORE/Cake/Controller/Controller.php, line 499
Dispatcher::_invoke() - CORE/Cake/Routing/Dispatcher.php, line 193
Dispatcher::dispatch() - CORE/Cake/Routing/Dispatcher.php, line 167
[main] - APP/webroot/index.php, line 117

2019-04-09 21:09:14 Notice: Notice (8): Undefined index: Contato in [/home/aonde/public_html/app/Controller/ContatosController.php, line 1398]
Trace:
ErrorHandler::handleError() - CORE/Cake/Error/ErrorHandler.php, line 230
ContatosController::_empresaSEO() - APP/Controller/ContatosController.php, line 1398
ContatosController::empresa() - APP/Controller/ContatosController.php, line 852
ReflectionMethod::invokeArgs() - [internal], line ??
Controller::invokeAction() - CORE/Cake/Controller/Controller.php, line 499
Dispatcher::_invoke() - CORE/Cake/Routing/Dispatcher.php, line 193
Dispatcher::dispatch() - CORE/Cake/Routing/Dispatcher.php, line 167
[main] - APP/webroot/index.php, line 117

2019-04-09 21:09:14 Notice: Notice (8): Undefined index: Contato in [/home/aonde/public_html/app/Controller/ContatosController.php, line 1399]
Trace:
ErrorHandler::handleError() - CORE/Cake/Error/ErrorHandler.php, line 230
ContatosController::_empresaSEO() - APP/Controller/ContatosController.php, line 1399
ContatosController::empresa() - APP/Controller/ContatosController.php, line 852
ReflectionMethod::invokeArgs() - [internal], line ??
Controller::invokeAction() - CORE/Cake/Controller/Controller.php, line 499
Dispatcher::_invoke() - CORE/Cake/Routing/Dispatcher.php, line 193
Dispatcher::dispatch() - CORE/Cake/Routing/Dispatcher.php, line 167
[main] - APP/webroot/index.php, line 117

2019-04-09 21:09:14 Notice: Notice (8): Undefined index: Cidade in [/home/aonde/public_html/app/Controller/ContatosController.php, line 1400]
Trace:
ErrorHandler::handleError() - CORE/Cake/Error/ErrorHandler.php, line 230
ContatosController::_empresaSEO() - APP/Controller/ContatosController.php, line 1400
ContatosController::empresa() - APP/Controller/ContatosController.php, line 852
ReflectionMethod::invokeArgs() - [internal], line ??
Controller::invokeAction() - CORE/Cake/Controller/Controller.php, line 499
Dispatcher::_invoke() - CORE/Cake/Routing/Dispatcher.php, line 193
Dispatcher::dispatch() - CORE/Cake/Routing/Dispatcher.php, line 167
[main] - APP/webroot/index.php, line 117

2019-04-09 21:09:14 Notice: Notice (8): Undefined index: Cidade in [/home/aonde/public_html/app/Controller/ContatosController.php, line 1401]
Trace:
ErrorHandler::handleError() - CORE/Cake/Error/ErrorHandler.php, line 230
ContatosController::_empresaSEO() - APP/Controller/ContatosController.php, line 1401
ContatosController::empresa() - APP/Controller/ContatosController.php, line 852
ReflectionMethod::invokeArgs() - [internal], line ??
Controller::invokeAction() - CORE/Cake/Controller/Controller.php, line 499
Dispatcher::_invoke() - CORE/Cake/Routing/Dispatcher.php, line 193
Dispatcher::dispatch() - CORE/Cake/Routing/Dispatcher.php, line 167
[main] - APP/webroot/index.php, line 117

2019-04-09 21:09:14 Notice: Notice (8): Undefined index: Logradouro in [/home/aonde/public_html/app/Controller/ContatosController.php, line 1402]
Trace:
ErrorHandler::handleError() - CORE/Cake/Error/ErrorHandler.php, line 230
ContatosController::_empresaSEO() - APP/Controller/ContatosController.php, line 1402
ContatosController::empresa() - APP/Controller/ContatosController.php, line 852
ReflectionMethod::invokeArgs() - [internal], line ??
Controller::invokeAction() - CORE/Cake/Controller/Controller.php, line 499
Dispatcher::_invoke() - CORE/Cake/Routing/Dispatcher.php, line 193
Dispatcher::dispatch() - CORE/Cake/Routing/Dispatcher.php, line 167
[main] - APP/webroot/index.php, line 117

2019-04-09 21:09:14 Notice: Notice (8): Undefined index: Bairro in [/home/aonde/public_html/app/Controller/ContatosController.php, line 1403]
Trace:
ErrorHandler::handleError() - CORE/Cake/Error/ErrorHandler.php, line 230
ContatosController::_empresaSEO() - APP/Controller/ContatosController.php, line 1403
ContatosController::empresa() - APP/Controller/ContatosController.php, line 852
ReflectionMethod::invokeArgs() - [internal], line ??
Controller::invokeAction() - CORE/Cake/Controller/Controller.php, line 499
Dispatcher::_invoke() - CORE/Cake/Routing/Dispatcher.php, line 193
Dispatcher::dispatch() - CORE/Cake/Routing/Dispatcher.php, line 167
[main] - APP/webroot/index.php, line 117

2019-04-09 21:09:14 Notice: Notice (8): Undefined index: Contato in [/home/aonde/public_html/app/Controller/ContatosController.php, line 1404]
Trace:
ErrorHandler::handleError() - CORE/Cake/Error/ErrorHandler.php, line 230
ContatosController::_empresaSEO() - APP/Controller/ContatosController.php, line 1404
ContatosController::empresa() - APP/Controller/ContatosController.php, line 852
ReflectionMethod::invokeArgs() - [internal], line ??
Controller::invokeAction() - CORE/Cake/Controller/Controller.php, line 499
Dispatcher::_invoke() - CORE/Cake/Routing/Dispatcher.php, line 193
Dispatcher::dispatch() - CORE/Cake/Routing/Dispatcher.php, line 167
[main] - APP/webroot/index.php, line 117

2019-04-09 21:25:53 Notice: Notice (8): Undefined index: Contato in [/home/aonde/public_html/app/Controller/ContatosController.php, line 839]
Trace:
ErrorHandler::handleError() - CORE/Cake/Error/ErrorHandler.php, line 230
ContatosController::empresa() - APP/Controller/ContatosController.php, line 839
ReflectionMethod::invokeArgs() - [internal], line ??
Controller::invokeAction() - CORE/Cake/Controller/Controller.php, line 499
Dispatcher::_invoke() - CORE/Cake/Routing/Dispatcher.php, line 193
Dispatcher::dispatch() - CORE/Cake/Routing/Dispatcher.php, line 167
[main] - APP/webroot/index.php, line 117

2019-04-09 21:25:53 Notice: Notice (8): Undefined index: Contato in [/home/aonde/public_html/app/Controller/ContatosController.php, line 1395]
Trace:
ErrorHandler::handleError() - CORE/Cake/Error/ErrorHandler.php, line 230
ContatosController::_empresaSEO() - APP/Controller/ContatosController.php, line 1395
ContatosController::empresa() - APP/Controller/ContatosController.php, line 852
ReflectionMethod::invokeArgs() - [internal], line ??
Controller::invokeAction() - CORE/Cake/Controller/Controller.php, line 499
Dispatcher::_invoke() - CORE/Cake/Routing/Dispatcher.php, line 193
Dispatcher::dispatch() - CORE/Cake/Routing/Dispatcher.php, line 167
[main] - APP/webroot/index.php, line 117

2019-04-09 21:25:53 Notice: Notice (8): Undefined index: Contato in [/home/aonde/public_html/app/Controller/ContatosController.php, line 1396]
Trace:
ErrorHandler::handleError() - CORE/Cake/Error/ErrorHandler.php, line 230
ContatosController::_empresaSEO() - APP/Controller/ContatosController.php, line 1396
ContatosController::empresa() - APP/Controller/ContatosController.php, line 852
ReflectionMethod::invokeArgs() - [internal], line ??
Controller::invokeAction() - CORE/Cake/Controller/Controller.php, line 499
Dispatcher::_invoke() - CORE/Cake/Routing/Dispatcher.php, line 193
Dispatcher::dispatch() - CORE/Cake/Routing/Dispatcher.php, line 167
[main] - APP/webroot/index.php, line 117

2019-04-09 21:25:53 Notice: Notice (8): Undefined index: Contato in [/home/aonde/public_html/app/Controller/ContatosController.php, line 1397]
Trace:
ErrorHandler::handleError() - CORE/Cake/Error/ErrorHandler.php, line 230
ContatosController::_empresaSEO() - APP/Controller/ContatosController.php, line 1397
ContatosController::empresa() - APP/Controller/ContatosController.php, line 852
ReflectionMethod::invokeArgs() - [internal], line ??
Controller::invokeAction() - CORE/Cake/Controller/Controller.php, line 499
Dispatcher::_invoke() - CORE/Cake/Routing/Dispatcher.php, line 193
Dispatcher::dispatch() - CORE/Cake/Routing/Dispatcher.php, line 167
[main] - APP/webroot/index.php, line 117

2019-04-09 21:25:53 Notice: Notice (8): Undefined index: Contato in [/home/aonde/public_html/app/Controller/ContatosController.php, line 1398]
Trace:
ErrorHandler::handleError() - CORE/Cake/Error/ErrorHandler.php, line 230
ContatosController::_empresaSEO() - APP/Controller/ContatosController.php, line 1398
ContatosController::empresa() - APP/Controller/ContatosController.php, line 852
ReflectionMethod::invokeArgs() - [internal], line ??
Controller::invokeAction() - CORE/Cake/Controller/Controller.php, line 499
Dispatcher::_invoke() - CORE/Cake/Routing/Dispatcher.php, line 193
Dispatcher::dispatch() - CORE/Cake/Routing/Dispatcher.php, line 167
[main] - APP/webroot/index.php, line 117

2019-04-09 21:25:53 Notice: Notice (8): Undefined index: Contato in [/home/aonde/public_html/app/Controller/ContatosController.php, line 1399]
Trace:
ErrorHandler::handleError() - CORE/Cake/Error/ErrorHandler.php, line 230
ContatosController::_empresaSEO() - APP/Controller/ContatosController.php, line 1399
ContatosController::empresa() - APP/Controller/ContatosController.php, line 852
ReflectionMethod::invokeArgs() - [internal], line ??
Controller::invokeAction() - CORE/Cake/Controller/Controller.php, line 499
Dispatcher::_invoke() - CORE/Cake/Routing/Dispatcher.php, line 193
Dispatcher::dispatch() - CORE/Cake/Routing/Dispatcher.php, line 167
[main] - APP/webroot/index.php, line 117

2019-04-09 21:25:53 Notice: Notice (8): Undefined index: Cidade in [/home/aonde/public_html/app/Controller/ContatosController.php, line 1400]
Trace:
ErrorHandler::handleError() - CORE/Cake/Error/ErrorHandler.php, line 230
ContatosController::_empresaSEO() - APP/Controller/ContatosController.php, line 1400
ContatosController::empresa() - APP/Controller/ContatosController.php, line 852
ReflectionMethod::invokeArgs() - [internal], line ??
Controller::invokeAction() - CORE/Cake/Controller/Controller.php, line 499
Dispatcher::_invoke() - CORE/Cake/Routing/Dispatcher.php, line 193
Dispatcher::dispatch() - CORE/Cake/Routing/Dispatcher.php, line 167
[main] - APP/webroot/index.php, line 117

2019-04-09 21:25:53 Notice: Notice (8): Undefined index: Cidade in [/home/aonde/public_html/app/Controller/ContatosController.php, line 1401]
Trace:
ErrorHandler::handleError() - CORE/Cake/Error/ErrorHandler.php, line 230
ContatosController::_empresaSEO() - APP/Controller/ContatosController.php, line 1401
ContatosController::empresa() - APP/Controller/ContatosController.php, line 852
ReflectionMethod::invokeArgs() - [internal], line ??
Controller::invokeAction() - CORE/Cake/Controller/Controller.php, line 499
Dispatcher::_invoke() - CORE/Cake/Routing/Dispatcher.php, line 193
Dispatcher::dispatch() - CORE/Cake/Routing/Dispatcher.php, line 167
[main] - APP/webroot/index.php, line 117

2019-04-09 21:25:53 Notice: Notice (8): Undefined index: Logradouro in [/home/aonde/public_html/app/Controller/ContatosController.php, line 1402]
Trace:
ErrorHandler::handleError() - CORE/Cake/Error/ErrorHandler.php, line 230
ContatosController::_empresaSEO() - APP/Controller/ContatosController.php, line 1402
ContatosController::empresa() - APP/Controller/ContatosController.php, line 852
ReflectionMethod::invokeArgs() - [internal], line ??
Controller::invokeAction() - CORE/Cake/Controller/Controller.php, line 499
Dispatcher::_invoke() - CORE/Cake/Routing/Dispatcher.php, line 193
Dispatcher::dispatch() - CORE/Cake/Routing/Dispatcher.php, line 167
[main] - APP/webroot/index.php, line 117

2019-04-09 21:25:53 Notice: Notice (8): Undefined index: Bairro in [/home/aonde/public_html/app/Controller/ContatosController.php, line 1403]
Trace:
ErrorHandler::handleError() - CORE/Cake/Error/ErrorHandler.php, line 230
ContatosController::_empresaSEO() - APP/Controller/ContatosController.php, line 1403
ContatosController::empresa() - APP/Controller/ContatosController.php, line 852
ReflectionMethod::invokeArgs() - [internal], line ??
Controller::invokeAction() - CORE/Cake/Controller/Controller.php, line 499
Dispatcher::_invoke() - CORE/Cake/Routing/Dispatcher.php, line 193
Dispatcher::dispatch() - CORE/Cake/Routing/Dispatcher.php, line 167
[main] - APP/webroot/index.php, line 117

2019-04-09 21:25:53 Notice: Notice (8): Undefined index: Contato in [/home/aonde/public_html/app/Controller/ContatosController.php, line 1404]
Trace:
ErrorHandler::handleError() - CORE/Cake/Error/ErrorHandler.php, line 230
ContatosController::_empresaSEO() - APP/Controller/ContatosController.php, line 1404
ContatosController::empresa() - APP/Controller/ContatosController.php, line 852
ReflectionMethod::invokeArgs() - [internal], line ??
Controller::invokeAction() - CORE/Cake/Controller/Controller.php, line 499
Dispatcher::_invoke() - CORE/Cake/Routing/Dispatcher.php, line 193
Dispatcher::dispatch() - CORE/Cake/Routing/Dispatcher.php, line 167
[main] - APP/webroot/index.php, line 117

2020-01-14 13:34:29 Notice: Notice (8): Undefined index: Contato in [/home/aonde/public_html/app/Controller/ContatosController.php, line 839]
Trace:
ErrorHandler::handleError() - CORE/Cake/Error/ErrorHandler.php, line 230
ContatosController::empresa() - APP/Controller/ContatosController.php, line 839
ReflectionMethod::invokeArgs() - [internal], line ??
Controller::invokeAction() - CORE/Cake/Controller/Controller.php, line 499
Dispatcher::_invoke() - CORE/Cake/Routing/Dispatcher.php, line 193
Dispatcher::dispatch() - CORE/Cake/Routing/Dispatcher.php, line 167
[main] - APP/webroot/index.php, line 117

2020-01-14 13:34:29 Notice: Notice (8): Undefined index: Contato in [/home/aonde/public_html/app/Controller/ContatosController.php, line 1395]
Trace:
ErrorHandler::handleError() - CORE/Cake/Error/ErrorHandler.php, line 230
ContatosController::_empresaSEO() - APP/Controller/ContatosController.php, line 1395
ContatosController::empresa() - APP/Controller/ContatosController.php, line 852
ReflectionMethod::invokeArgs() - [internal], line ??
Controller::invokeAction() - CORE/Cake/Controller/Controller.php, line 499
Dispatcher::_invoke() - CORE/Cake/Routing/Dispatcher.php, line 193
Dispatcher::dispatch() - CORE/Cake/Routing/Dispatcher.php, line 167
[main] - APP/webroot/index.php, line 117

2020-01-14 13:34:29 Notice: Notice (8): Undefined index: Contato in [/home/aonde/public_html/app/Controller/ContatosController.php, line 1396]
Trace:
ErrorHandler::handleError() - CORE/Cake/Error/ErrorHandler.php, line 230
ContatosController::_empresaSEO() - APP/Controller/ContatosController.php, line 1396
ContatosController::empresa() - APP/Controller/ContatosController.php, line 852
ReflectionMethod::invokeArgs() - [internal], line ??
Controller::invokeAction() - CORE/Cake/Controller/Controller.php, line 499
Dispatcher::_invoke() - CORE/Cake/Routing/Dispatcher.php, line 193
Dispatcher::dispatch() - CORE/Cake/Routing/Dispatcher.php, line 167
[main] - APP/webroot/index.php, line 117

2020-01-14 13:34:29 Notice: Notice (8): Undefined index: Contato in [/home/aonde/public_html/app/Controller/ContatosController.php, line 1397]
Trace:
ErrorHandler::handleError() - CORE/Cake/Error/ErrorHandler.php, line 230
ContatosController::_empresaSEO() - APP/Controller/ContatosController.php, line 1397
ContatosController::empresa() - APP/Controller/ContatosController.php, line 852
ReflectionMethod::invokeArgs() - [internal], line ??
Controller::invokeAction() - CORE/Cake/Controller/Controller.php, line 499
Dispatcher::_invoke() - CORE/Cake/Routing/Dispatcher.php, line 193
Dispatcher::dispatch() - CORE/Cake/Routing/Dispatcher.php, line 167
[main] - APP/webroot/index.php, line 117

2020-01-14 13:34:29 Notice: Notice (8): Undefined index: Contato in [/home/aonde/public_html/app/Controller/ContatosController.php, line 1398]
Trace:
ErrorHandler::handleError() - CORE/Cake/Error/ErrorHandler.php, line 230
ContatosController::_empresaSEO() - APP/Controller/ContatosController.php, line 1398
ContatosController::empresa() - APP/Controller/ContatosController.php, line 852
ReflectionMethod::invokeArgs() - [internal], line ??
Controller::invokeAction() - CORE/Cake/Controller/Controller.php, line 499
Dispatcher::_invoke() - CORE/Cake/Routing/Dispatcher.php, line 193
Dispatcher::dispatch() - CORE/Cake/Routing/Dispatcher.php, line 167
[main] - APP/webroot/index.php, line 117

2020-01-14 13:34:29 Notice: Notice (8): Undefined index: Contato in [/home/aonde/public_html/app/Controller/ContatosController.php, line 1399]
Trace:
ErrorHandler::handleError() - CORE/Cake/Error/ErrorHandler.php, line 230
ContatosController::_empresaSEO() - APP/Controller/ContatosController.php, line 1399
ContatosController::empresa() - APP/Controller/ContatosController.php, line 852
ReflectionMethod::invokeArgs() - [internal], line ??
Controller::invokeAction() - CORE/Cake/Controller/Controller.php, line 499
Dispatcher::_invoke() - CORE/Cake/Routing/Dispatcher.php, line 193
Dispatcher::dispatch() - CORE/Cake/Routing/Dispatcher.php, line 167
[main] - APP/webroot/index.php, line 117

2020-01-14 13:34:29 Notice: Notice (8): Undefined index: Cidade in [/home/aonde/public_html/app/Controller/ContatosController.php, line 1400]
Trace:
ErrorHandler::handleError() - CORE/Cake/Error/ErrorHandler.php, line 230
ContatosController::_empresaSEO() - APP/Controller/ContatosController.php, line 1400
ContatosController::empresa() - APP/Controller/ContatosController.php, line 852
ReflectionMethod::invokeArgs() - [internal], line ??
Controller::invokeAction() - CORE/Cake/Controller/Controller.php, line 499
Dispatcher::_invoke() - CORE/Cake/Routing/Dispatcher.php, line 193
Dispatcher::dispatch() - CORE/Cake/Routing/Dispatcher.php, line 167
[main] - APP/webroot/index.php, line 117

2020-01-14 13:34:29 Notice: Notice (8): Undefined index: Cidade in [/home/aonde/public_html/app/Controller/ContatosController.php, line 1401]
Trace:
ErrorHandler::handleError() - CORE/Cake/Error/ErrorHandler.php, line 230
ContatosController::_empresaSEO() - APP/Controller/ContatosController.php, line 1401
ContatosController::empresa() - APP/Controller/ContatosController.php, line 852
ReflectionMethod::invokeArgs() - [internal], line ??
Controller::invokeAction() - CORE/Cake/Controller/Controller.php, line 499
Dispatcher::_invoke() - CORE/Cake/Routing/Dispatcher.php, line 193
Dispatcher::dispatch() - CORE/Cake/Routing/Dispatcher.php, line 167
[main] - APP/webroot/index.php, line 117

2020-01-14 13:34:29 Notice: Notice (8): Undefined index: Logradouro in [/home/aonde/public_html/app/Controller/ContatosController.php, line 1402]
Trace:
ErrorHandler::handleError() - CORE/Cake/Error/ErrorHandler.php, line 230
ContatosController::_empresaSEO() - APP/Controller/ContatosController.php, line 1402
ContatosController::empresa() - APP/Controller/ContatosController.php, line 852
ReflectionMethod::invokeArgs() - [internal], line ??
Controller::invokeAction() - CORE/Cake/Controller/Controller.php, line 499
Dispatcher::_invoke() - CORE/Cake/Routing/Dispatcher.php, line 193
Dispatcher::dispatch() - CORE/Cake/Routing/Dispatcher.php, line 167
[main] - APP/webroot/index.php, line 117

2020-01-14 13:34:29 Notice: Notice (8): Undefined index: Bairro in [/home/aonde/public_html/app/Controller/ContatosController.php, line 1403]
Trace:
ErrorHandler::handleError() - CORE/Cake/Error/ErrorHandler.php, line 230
ContatosController::_empresaSEO() - APP/Controller/ContatosController.php, line 1403
ContatosController::empresa() - APP/Controller/ContatosController.php, line 852
ReflectionMethod::invokeArgs() - [internal], line ??
Controller::invokeAction() - CORE/Cake/Controller/Controller.php, line 499
Dispatcher::_invoke() - CORE/Cake/Routing/Dispatcher.php, line 193
Dispatcher::dispatch() - CORE/Cake/Routing/Dispatcher.php, line 167
[main] - APP/webroot/index.php, line 117

2020-01-14 13:34:29 Notice: Notice (8): Undefined index: Contato in [/home/aonde/public_html/app/Controller/ContatosController.php, line 1404]
Trace:
ErrorHandler::handleError() - CORE/Cake/Error/ErrorHandler.php, line 230
ContatosController::_empresaSEO() - APP/Controller/ContatosController.php, line 1404
ContatosController::empresa() - APP/Controller/ContatosController.php, line 852
ReflectionMethod::invokeArgs() - [internal], line ??
Controller::invokeAction() - CORE/Cake/Controller/Controller.php, line 499
Dispatcher::_invoke() - CORE/Cake/Routing/Dispatcher.php, line 193
Dispatcher::dispatch() - CORE/Cake/Routing/Dispatcher.php, line 167
[main] - APP/webroot/index.php, line 117

2020-01-14 13:34:29 Notice: Notice (8): Undefined index: Contato in [/home/aonde/public_html/app/Controller/ContatosController.php, line 839]
Trace:
ErrorHandler::handleError() - CORE/Cake/Error/ErrorHandler.php, line 230
ContatosController::empresa() - APP/Controller/ContatosController.php, line 839
ReflectionMethod::invokeArgs() - [internal], line ??
Controller::invokeAction() - CORE/Cake/Controller/Controller.php, line 499
Dispatcher::_invoke() - CORE/Cake/Routing/Dispatcher.php, line 193
Dispatcher::dispatch() - CORE/Cake/Routing/Dispatcher.php, line 167
[main] - APP/webroot/index.php, line 117

2020-01-14 13:34:29 Notice: Notice (8): Undefined index: Contato in [/home/aonde/public_html/app/Controller/ContatosController.php, line 1395]
Trace:
ErrorHandler::handleError() - CORE/Cake/Error/ErrorHandler.php, line 230
ContatosController::_empresaSEO() - APP/Controller/ContatosController.php, line 1395
ContatosController::empresa() - APP/Controller/ContatosController.php, line 852
ReflectionMethod::invokeArgs() - [internal], line ??
Controller::invokeAction() - CORE/Cake/Controller/Controller.php, line 499
Dispatcher::_invoke() - CORE/Cake/Routing/Dispatcher.php, line 193
Dispatcher::dispatch() - CORE/Cake/Routing/Dispatcher.php, line 167
[main] - APP/webroot/index.php, line 117

2020-01-14 13:34:29 Notice: Notice (8): Undefined index: Contato in [/home/aonde/public_html/app/Controller/ContatosController.php, line 1396]
Trace:
ErrorHandler::handleError() - CORE/Cake/Error/ErrorHandler.php, line 230
ContatosController::_empresaSEO() - APP/Controller/ContatosController.php, line 1396
ContatosController::empresa() - APP/Controller/ContatosController.php, line 852
ReflectionMethod::invokeArgs() - [internal], line ??
Controller::invokeAction() - CORE/Cake/Controller/Controller.php, line 499
Dispatcher::_invoke() - CORE/Cake/Routing/Dispatcher.php, line 193
Dispatcher::dispatch() - CORE/Cake/Routing/Dispatcher.php, line 167
[main] - APP/webroot/index.php, line 117

2020-01-14 13:34:29 Notice: Notice (8): Undefined index: Contato in [/home/aonde/public_html/app/Controller/ContatosController.php, line 1397]
Trace:
ErrorHandler::handleError() - CORE/Cake/Error/ErrorHandler.php, line 230
ContatosController::_empresaSEO() - APP/Controller/ContatosController.php, line 1397
ContatosController::empresa() - APP/Controller/ContatosController.php, line 852
ReflectionMethod::invokeArgs() - [internal], line ??
Controller::invokeAction() - CORE/Cake/Controller/Controller.php, line 499
Dispatcher::_invoke() - CORE/Cake/Routing/Dispatcher.php, line 193
Dispatcher::dispatch() - CORE/Cake/Routing/Dispatcher.php, line 167
[main] - APP/webroot/index.php, line 117

2020-01-14 13:34:29 Notice: Notice (8): Undefined index: Contato in [/home/aonde/public_html/app/Controller/ContatosController.php, line 1398]
Trace:
ErrorHandler::handleError() - CORE/Cake/Error/ErrorHandler.php, line 230
ContatosController::_empresaSEO() - APP/Controller/ContatosController.php, line 1398
ContatosController::empresa() - APP/Controller/ContatosController.php, line 852
ReflectionMethod::invokeArgs() - [internal], line ??
Controller::invokeAction() - CORE/Cake/Controller/Controller.php, line 499
Dispatcher::_invoke() - CORE/Cake/Routing/Dispatcher.php, line 193
Dispatcher::dispatch() - CORE/Cake/Routing/Dispatcher.php, line 167
[main] - APP/webroot/index.php, line 117

2020-01-14 13:34:29 Notice: Notice (8): Undefined index: Contato in [/home/aonde/public_html/app/Controller/ContatosController.php, line 1399]
Trace:
ErrorHandler::handleError() - CORE/Cake/Error/ErrorHandler.php, line 230
ContatosController::_empresaSEO() - APP/Controller/ContatosController.php, line 1399
ContatosController::empresa() - APP/Controller/ContatosController.php, line 852
ReflectionMethod::invokeArgs() - [internal], line ??
Controller::invokeAction() - CORE/Cake/Controller/Controller.php, line 499
Dispatcher::_invoke() - CORE/Cake/Routing/Dispatcher.php, line 193
Dispatcher::dispatch() - CORE/Cake/Routing/Dispatcher.php, line 167
[main] - APP/webroot/index.php, line 117

2020-01-14 13:34:29 Notice: Notice (8): Undefined index: Cidade in [/home/aonde/public_html/app/Controller/ContatosController.php, line 1400]
Trace:
ErrorHandler::handleError() - CORE/Cake/Error/ErrorHandler.php, line 230
ContatosController::_empresaSEO() - APP/Controller/ContatosController.php, line 1400
ContatosController::empresa() - APP/Controller/ContatosController.php, line 852
ReflectionMethod::invokeArgs() - [internal], line ??
Controller::invokeAction() - CORE/Cake/Controller/Controller.php, line 499
Dispatcher::_invoke() - CORE/Cake/Routing/Dispatcher.php, line 193
Dispatcher::dispatch() - CORE/Cake/Routing/Dispatcher.php, line 167
[main] - APP/webroot/index.php, line 117

2020-01-14 13:34:29 Notice: Notice (8): Undefined index: Cidade in [/home/aonde/public_html/app/Controller/ContatosController.php, line 1401]
Trace:
ErrorHandler::handleError() - CORE/Cake/Error/ErrorHandler.php, line 230
ContatosController::_empresaSEO() - APP/Controller/ContatosController.php, line 1401
ContatosController::empresa() - APP/Controller/ContatosController.php, line 852
ReflectionMethod::invokeArgs() - [internal], line ??
Controller::invokeAction() - CORE/Cake/Controller/Controller.php, line 499
Dispatcher::_invoke() - CORE/Cake/Routing/Dispatcher.php, line 193
Dispatcher::dispatch() - CORE/Cake/Routing/Dispatcher.php, line 167
[main] - APP/webroot/index.php, line 117

2020-01-14 13:34:29 Notice: Notice (8): Undefined index: Logradouro in [/home/aonde/public_html/app/Controller/ContatosController.php, line 1402]
Trace:
ErrorHandler::handleError() - CORE/Cake/Error/ErrorHandler.php, line 230
ContatosController::_empresaSEO() - APP/Controller/ContatosController.php, line 1402
ContatosController::empresa() - APP/Controller/ContatosController.php, line 852
ReflectionMethod::invokeArgs() - [internal], line ??
Controller::invokeAction() - CORE/Cake/Controller/Controller.php, line 499
Dispatcher::_invoke() - CORE/Cake/Routing/Dispatcher.php, line 193
Dispatcher::dispatch() - CORE/Cake/Routing/Dispatcher.php, line 167
[main] - APP/webroot/index.php, line 117

2020-01-14 13:34:29 Notice: Notice (8): Undefined index: Bairro in [/home/aonde/public_html/app/Controller/ContatosController.php, line 1403]
Trace:
ErrorHandler::handleError() - CORE/Cake/Error/ErrorHandler.php, line 230
ContatosController::_empresaSEO() - APP/Controller/ContatosController.php, line 1403
ContatosController::empresa() - APP/Controller/ContatosController.php, line 852
ReflectionMethod::invokeArgs() - [internal], line ??
Controller::invokeAction() - CORE/Cake/Controller/Controller.php, line 499
Dispatcher::_invoke() - CORE/Cake/Routing/Dispatcher.php, line 193
Dispatcher::dispatch() - CORE/Cake/Routing/Dispatcher.php, line 167
[main] - APP/webroot/index.php, line 117

2020-01-14 13:34:29 Notice: Notice (8): Undefined index: Contato in [/home/aonde/public_html/app/Controller/ContatosController.php, line 1404]
Trace:
ErrorHandler::handleError() - CORE/Cake/Error/ErrorHandler.php, line 230
ContatosController::_empresaSEO() - APP/Controller/ContatosController.php, line 1404
ContatosController::empresa() - APP/Controller/ContatosController.php, line 852
ReflectionMethod::invokeArgs() - [internal], line ??
Controller::invokeAction() - CORE/Cake/Controller/Controller.php, line 499
Dispatcher::_invoke() - CORE/Cake/Routing/Dispatcher.php, line 193
Dispatcher::dispatch() - CORE/Cake/Routing/Dispatcher.php, line 167
[main] - APP/webroot/index.php, line 117

2020-02-26 18:55:29 Notice: Notice (8): unserialize(): Error at offset 1236966 of 1236981 bytes in [/home/aonde/public_html/lib/Cake/Cache/Engine/FileEngine.php, line 194]
Trace:
ErrorHandler::handleError() - CORE/Cake/Error/ErrorHandler.php, line 230
unserialize - [internal], line ??
FileEngine::read() - CORE/Cake/Cache/Engine/FileEngine.php, line 194
Cache::read() - CORE/Cake/Cache/Cache.php, line 363
DboSource::cacheMethod() - CORE/Cake/Model/Datasource/DboSource.php, line 828
DboSource::fields() - CORE/Cake/Model/Datasource/DboSource.php, line 2658
DboSource::read() - CORE/Cake/Model/Datasource/DboSource.php, line 1171
Model::_readDataSource() - CORE/Cake/Model/Model.php, line 3053
Model::find() - CORE/Cake/Model/Model.php, line 3025
BannerC::lista() - APP/Model/BannerC.php, line 158
AppController::getBannerPremium() - APP/Controller/AppController.php, line 405
ContatosController::home() - APP/Controller/ContatosController.php, line 60
ReflectionMethod::invokeArgs() - [internal], line ??
Controller::invokeAction() - CORE/Cake/Controller/Controller.php, line 499
Dispatcher::_invoke() - CORE/Cake/Routing/Dispatcher.php, line 193
Dispatcher::dispatch() - CORE/Cake/Routing/Dispatcher.php, line 167
[main] - APP/webroot/index.php, line 117

2020-04-23 13:50:31 Notice: Notice (8): Undefined index: q in [/home/aonde/public_html/app/Controller/ContatosController.php, line 983]
Trace:
ErrorHandler::handleError() - CORE/Cake/Error/ErrorHandler.php, line 230
ContatosController::auto_completar() - APP/Controller/ContatosController.php, line 983
ReflectionMethod::invokeArgs() - [internal], line ??
Controller::invokeAction() - CORE/Cake/Controller/Controller.php, line 499
Dispatcher::_invoke() - CORE/Cake/Routing/Dispatcher.php, line 193
Dispatcher::dispatch() - CORE/Cake/Routing/Dispatcher.php, line 167
[main] - APP/webroot/index.php, line 117

2020-05-18 12:36:22 Notice: Notice (8): Undefined index: q in [/home/aonde/public_html/app/Controller/ContatosController.php, line 983]
Trace:
ErrorHandler::handleError() - CORE/Cake/Error/ErrorHandler.php, line 230
ContatosController::auto_completar() - APP/Controller/ContatosController.php, line 983
ReflectionMethod::invokeArgs() - [internal], line ??
Controller::invokeAction() - CORE/Cake/Controller/Controller.php, line 499
Dispatcher::_invoke() - CORE/Cake/Routing/Dispatcher.php, line 193
Dispatcher::dispatch() - CORE/Cake/Routing/Dispatcher.php, line 167
[main] - APP/webroot/index.php, line 117

2020-05-18 12:36:49 Notice: Notice (8): Undefined index: q in [/home/aonde/public_html/app/Controller/ContatosController.php, line 983]
Trace:
ErrorHandler::handleError() - CORE/Cake/Error/ErrorHandler.php, line 230
ContatosController::auto_completar() - APP/Controller/ContatosController.php, line 983
ReflectionMethod::invokeArgs() - [internal], line ??
Controller::invokeAction() - CORE/Cake/Controller/Controller.php, line 499
Dispatcher::_invoke() - CORE/Cake/Routing/Dispatcher.php, line 193
Dispatcher::dispatch() - CORE/Cake/Routing/Dispatcher.php, line 167
[main] - APP/webroot/index.php, line 117

2020-06-02 15:35:35 Notice: Notice (8): Undefined index: q in [/home/aonde/public_html/app/Controller/ContatosController.php, line 983]
Trace:
ErrorHandler::handleError() - CORE/Cake/Error/ErrorHandler.php, line 230
ContatosController::auto_completar() - APP/Controller/ContatosController.php, line 983
ReflectionMethod::invokeArgs() - [internal], line ??
Controller::invokeAction() - CORE/Cake/Controller/Controller.php, line 499
Dispatcher::_invoke() - CORE/Cake/Routing/Dispatcher.php, line 193
Dispatcher::dispatch() - CORE/Cake/Routing/Dispatcher.php, line 167
[main] - APP/webroot/index.php, line 117

2020-06-03 15:03:09 Notice: Notice (8): Undefined index: q in [/home/aonde/public_html/app/Controller/ContatosController.php, line 983]
Trace:
ErrorHandler::handleError() - CORE/Cake/Error/ErrorHandler.php, line 230
ContatosController::auto_completar() - APP/Controller/ContatosController.php, line 983
ReflectionMethod::invokeArgs() - [internal], line ??
Controller::invokeAction() - CORE/Cake/Controller/Controller.php, line 499
Dispatcher::_invoke() - CORE/Cake/Routing/Dispatcher.php, line 193
Dispatcher::dispatch() - CORE/Cake/Routing/Dispatcher.php, line 167
[main] - APP/webroot/index.php, line 117

2020-06-03 15:04:57 Notice: Notice (8): Undefined index: q in [/home/aonde/public_html/app/Controller/ContatosController.php, line 983]
Trace:
ErrorHandler::handleError() - CORE/Cake/Error/ErrorHandler.php, line 230
ContatosController::auto_completar() - APP/Controller/ContatosController.php, line 983
ReflectionMethod::invokeArgs() - [internal], line ??
Controller::invokeAction() - CORE/Cake/Controller/Controller.php, line 499
Dispatcher::_invoke() - CORE/Cake/Routing/Dispatcher.php, line 193
Dispatcher::dispatch() - CORE/Cake/Routing/Dispatcher.php, line 167
[main] - APP/webroot/index.php, line 117

2020-06-03 15:05:08 Notice: Notice (8): Undefined index: q in [/home/aonde/public_html/app/Controller/ContatosController.php, line 983]
Trace:
ErrorHandler::handleError() - CORE/Cake/Error/ErrorHandler.php, line 230
ContatosController::auto_completar() - APP/Controller/ContatosController.php, line 983
ReflectionMethod::invokeArgs() - [internal], line ??
Controller::invokeAction() - CORE/Cake/Controller/Controller.php, line 499
Dispatcher::_invoke() - CORE/Cake/Routing/Dispatcher.php, line 193
Dispatcher::dispatch() - CORE/Cake/Routing/Dispatcher.php, line 167
[main] - APP/webroot/index.php, line 117

2020-06-15 10:47:28 Notice: Notice (8): Undefined index: q in [/home/aonde/public_html/app/Controller/ContatosController.php, line 983]
Trace:
ErrorHandler::handleError() - CORE/Cake/Error/ErrorHandler.php, line 230
ContatosController::auto_completar() - APP/Controller/ContatosController.php, line 983
ReflectionMethod::invokeArgs() - [internal], line ??
Controller::invokeAction() - CORE/Cake/Controller/Controller.php, line 499
Dispatcher::_invoke() - CORE/Cake/Routing/Dispatcher.php, line 193
Dispatcher::dispatch() - CORE/Cake/Routing/Dispatcher.php, line 167
[main] - APP/webroot/index.php, line 117

2020-09-04 09:54:27 Notice: Notice (8): Undefined index: q in [/home/aonde/public_html/app/Controller/ContatosController.php, line 983]
Trace:
ErrorHandler::handleError() - CORE/Cake/Error/ErrorHandler.php, line 230
ContatosController::auto_completar() - APP/Controller/ContatosController.php, line 983
ReflectionMethod::invokeArgs() - [internal], line ??
Controller::invokeAction() - CORE/Cake/Controller/Controller.php, line 499
Dispatcher::_invoke() - CORE/Cake/Routing/Dispatcher.php, line 193
Dispatcher::dispatch() - CORE/Cake/Routing/Dispatcher.php, line 167
[main] - APP/webroot/index.php, line 117

2020-11-14 11:00:31 Notice: Notice (8): Undefined index: Contato in [/home/aonde/public_html/app/Controller/ContatosController.php, line 839]
Trace:
ErrorHandler::handleError() - CORE/Cake/Error/ErrorHandler.php, line 230
ContatosController::empresa() - APP/Controller/ContatosController.php, line 839
ReflectionMethod::invokeArgs() - [internal], line ??
Controller::invokeAction() - CORE/Cake/Controller/Controller.php, line 499
Dispatcher::_invoke() - CORE/Cake/Routing/Dispatcher.php, line 193
Dispatcher::dispatch() - CORE/Cake/Routing/Dispatcher.php, line 167
[main] - APP/webroot/index.php, line 117

2020-11-14 11:00:31 Notice: Notice (8): Undefined index: Contato in [/home/aonde/public_html/app/Controller/ContatosController.php, line 1395]
Trace:
ErrorHandler::handleError() - CORE/Cake/Error/ErrorHandler.php, line 230
ContatosController::_empresaSEO() - APP/Controller/ContatosController.php, line 1395
ContatosController::empresa() - APP/Controller/ContatosController.php, line 852
ReflectionMethod::invokeArgs() - [internal], line ??
Controller::invokeAction() - CORE/Cake/Controller/Controller.php, line 499
Dispatcher::_invoke() - CORE/Cake/Routing/Dispatcher.php, line 193
Dispatcher::dispatch() - CORE/Cake/Routing/Dispatcher.php, line 167
[main] - APP/webroot/index.php, line 117

2020-11-14 11:00:31 Notice: Notice (8): Undefined index: Contato in [/home/aonde/public_html/app/Controller/ContatosController.php, line 1396]
Trace:
ErrorHandler::handleError() - CORE/Cake/Error/ErrorHandler.php, line 230
ContatosController::_empresaSEO() - APP/Controller/ContatosController.php, line 1396
ContatosController::empresa() - APP/Controller/ContatosController.php, line 852
ReflectionMethod::invokeArgs() - [internal], line ??
Controller::invokeAction() - CORE/Cake/Controller/Controller.php, line 499
Dispatcher::_invoke() - CORE/Cake/Routing/Dispatcher.php, line 193
Dispatcher::dispatch() - CORE/Cake/Routing/Dispatcher.php, line 167
[main] - APP/webroot/index.php, line 117

2020-11-14 11:00:31 Notice: Notice (8): Undefined index: Contato in [/home/aonde/public_html/app/Controller/ContatosController.php, line 1397]
Trace:
ErrorHandler::handleError() - CORE/Cake/Error/ErrorHandler.php, line 230
ContatosController::_empresaSEO() - APP/Controller/ContatosController.php, line 1397
ContatosController::empresa() - APP/Controller/ContatosController.php, line 852
ReflectionMethod::invokeArgs() - [internal], line ??
Controller::invokeAction() - CORE/Cake/Controller/Controller.php, line 499
Dispatcher::_invoke() - CORE/Cake/Routing/Dispatcher.php, line 193
Dispatcher::dispatch() - CORE/Cake/Routing/Dispatcher.php, line 167
[main] - APP/webroot/index.php, line 117

2020-11-14 11:00:31 Notice: Notice (8): Undefined index: Contato in [/home/aonde/public_html/app/Controller/ContatosController.php, line 1398]
Trace:
ErrorHandler::handleError() - CORE/Cake/Error/ErrorHandler.php, line 230
ContatosController::_empresaSEO() - APP/Controller/ContatosController.php, line 1398
ContatosController::empresa() - APP/Controller/ContatosController.php, line 852
ReflectionMethod::invokeArgs() - [internal], line ??
Controller::invokeAction() - CORE/Cake/Controller/Controller.php, line 499
Dispatcher::_invoke() - CORE/Cake/Routing/Dispatcher.php, line 193
Dispatcher::dispatch() - CORE/Cake/Routing/Dispatcher.php, line 167
[main] - APP/webroot/index.php, line 117

2020-11-14 11:00:31 Notice: Notice (8): Undefined index: Contato in [/home/aonde/public_html/app/Controller/ContatosController.php, line 1399]
Trace:
ErrorHandler::handleError() - CORE/Cake/Error/ErrorHandler.php, line 230
ContatosController::_empresaSEO() - APP/Controller/ContatosController.php, line 1399
ContatosController::empresa() - APP/Controller/ContatosController.php, line 852
ReflectionMethod::invokeArgs() - [internal], line ??
Controller::invokeAction() - CORE/Cake/Controller/Controller.php, line 499
Dispatcher::_invoke() - CORE/Cake/Routing/Dispatcher.php, line 193
Dispatcher::dispatch() - CORE/Cake/Routing/Dispatcher.php, line 167
[main] - APP/webroot/index.php, line 117

2020-11-14 11:00:31 Notice: Notice (8): Undefined index: Cidade in [/home/aonde/public_html/app/Controller/ContatosController.php, line 1400]
Trace:
ErrorHandler::handleError() - CORE/Cake/Error/ErrorHandler.php, line 230
ContatosController::_empresaSEO() - APP/Controller/ContatosController.php, line 1400
ContatosController::empresa() - APP/Controller/ContatosController.php, line 852
ReflectionMethod::invokeArgs() - [internal], line ??
Controller::invokeAction() - CORE/Cake/Controller/Controller.php, line 499
Dispatcher::_invoke() - CORE/Cake/Routing/Dispatcher.php, line 193
Dispatcher::dispatch() - CORE/Cake/Routing/Dispatcher.php, line 167
[main] - APP/webroot/index.php, line 117

2020-11-14 11:00:31 Notice: Notice (8): Undefined index: Cidade in [/home/aonde/public_html/app/Controller/ContatosController.php, line 1401]
Trace:
ErrorHandler::handleError() - CORE/Cake/Error/ErrorHandler.php, line 230
ContatosController::_empresaSEO() - APP/Controller/ContatosController.php, line 1401
ContatosController::empresa() - APP/Controller/ContatosController.php, line 852
ReflectionMethod::invokeArgs() - [internal], line ??
Controller::invokeAction() - CORE/Cake/Controller/Controller.php, line 499
Dispatcher::_invoke() - CORE/Cake/Routing/Dispatcher.php, line 193
Dispatcher::dispatch() - CORE/Cake/Routing/Dispatcher.php, line 167
[main] - APP/webroot/index.php, line 117

2020-11-14 11:00:31 Notice: Notice (8): Undefined index: Logradouro in [/home/aonde/public_html/app/Controller/ContatosController.php, line 1402]
Trace:
ErrorHandler::handleError() - CORE/Cake/Error/ErrorHandler.php, line 230
ContatosController::_empresaSEO() - APP/Controller/ContatosController.php, line 1402
ContatosController::empresa() - APP/Controller/ContatosController.php, line 852
ReflectionMethod::invokeArgs() - [internal], line ??
Controller::invokeAction() - CORE/Cake/Controller/Controller.php, line 499
Dispatcher::_invoke() - CORE/Cake/Routing/Dispatcher.php, line 193
Dispatcher::dispatch() - CORE/Cake/Routing/Dispatcher.php, line 167
[main] - APP/webroot/index.php, line 117

2020-11-14 11:00:31 Notice: Notice (8): Undefined index: Bairro in [/home/aonde/public_html/app/Controller/ContatosController.php, line 1403]
Trace:
ErrorHandler::handleError() - CORE/Cake/Error/ErrorHandler.php, line 230
ContatosController::_empresaSEO() - APP/Controller/ContatosController.php, line 1403
ContatosController::empresa() - APP/Controller/ContatosController.php, line 852
ReflectionMethod::invokeArgs() - [internal], line ??
Controller::invokeAction() - CORE/Cake/Controller/Controller.php, line 499
Dispatcher::_invoke() - CORE/Cake/Routing/Dispatcher.php, line 193
Dispatcher::dispatch() - CORE/Cake/Routing/Dispatcher.php, line 167
[main] - APP/webroot/index.php, line 117

2020-11-14 11:00:31 Notice: Notice (8): Undefined index: Contato in [/home/aonde/public_html/app/Controller/ContatosController.php, line 1404]
Trace:
ErrorHandler::handleError() - CORE/Cake/Error/ErrorHandler.php, line 230
ContatosController::_empresaSEO() - APP/Controller/ContatosController.php, line 1404
ContatosController::empresa() - APP/Controller/ContatosController.php, line 852
ReflectionMethod::invokeArgs() - [internal], line ??
Controller::invokeAction() - CORE/Cake/Controller/Controller.php, line 499
Dispatcher::_invoke() - CORE/Cake/Routing/Dispatcher.php, line 193
Dispatcher::dispatch() - CORE/Cake/Routing/Dispatcher.php, line 167
[main] - APP/webroot/index.php, line 117

2020-12-01 09:11:35 Notice: Notice (8): Undefined index: Contato in [/home/aonde/public_html/app/Controller/ContatosController.php, line 839]
Trace:
ErrorHandler::handleError() - CORE/Cake/Error/ErrorHandler.php, line 230
ContatosController::empresa() - APP/Controller/ContatosController.php, line 839
ReflectionMethod::invokeArgs() - [internal], line ??
Controller::invokeAction() - CORE/Cake/Controller/Controller.php, line 499
Dispatcher::_invoke() - CORE/Cake/Routing/Dispatcher.php, line 193
Dispatcher::dispatch() - CORE/Cake/Routing/Dispatcher.php, line 167
[main] - APP/webroot/index.php, line 117

2020-12-01 09:11:35 Notice: Notice (8): Undefined index: Contato in [/home/aonde/public_html/app/Controller/ContatosController.php, line 1395]
Trace:
ErrorHandler::handleError() - CORE/Cake/Error/ErrorHandler.php, line 230
ContatosController::_empresaSEO() - APP/Controller/ContatosController.php, line 1395
ContatosController::empresa() - APP/Controller/ContatosController.php, line 852
ReflectionMethod::invokeArgs() - [internal], line ??
Controller::invokeAction() - CORE/Cake/Controller/Controller.php, line 499
Dispatcher::_invoke() - CORE/Cake/Routing/Dispatcher.php, line 193
Dispatcher::dispatch() - CORE/Cake/Routing/Dispatcher.php, line 167
[main] - APP/webroot/index.php, line 117

2020-12-01 09:11:35 Notice: Notice (8): Undefined index: Contato in [/home/aonde/public_html/app/Controller/ContatosController.php, line 1396]
Trace:
ErrorHandler::handleError() - CORE/Cake/Error/ErrorHandler.php, line 230
ContatosController::_empresaSEO() - APP/Controller/ContatosController.php, line 1396
ContatosController::empresa() - APP/Controller/ContatosController.php, line 852
ReflectionMethod::invokeArgs() - [internal], line ??
Controller::invokeAction() - CORE/Cake/Controller/Controller.php, line 499
Dispatcher::_invoke() - CORE/Cake/Routing/Dispatcher.php, line 193
Dispatcher::dispatch() - CORE/Cake/Routing/Dispatcher.php, line 167
[main] - APP/webroot/index.php, line 117

2020-12-01 09:11:35 Notice: Notice (8): Undefined index: Contato in [/home/aonde/public_html/app/Controller/ContatosController.php, line 1397]
Trace:
ErrorHandler::handleError() - CORE/Cake/Error/ErrorHandler.php, line 230
ContatosController::_empresaSEO() - APP/Controller/ContatosController.php, line 1397
ContatosController::empresa() - APP/Controller/ContatosController.php, line 852
ReflectionMethod::invokeArgs() - [internal], line ??
Controller::invokeAction() - CORE/Cake/Controller/Controller.php, line 499
Dispatcher::_invoke() - CORE/Cake/Routing/Dispatcher.php, line 193
Dispatcher::dispatch() - CORE/Cake/Routing/Dispatcher.php, line 167
[main] - APP/webroot/index.php, line 117

2020-12-01 09:11:35 Notice: Notice (8): Undefined index: Contato in [/home/aonde/public_html/app/Controller/ContatosController.php, line 1398]
Trace:
ErrorHandler::handleError() - CORE/Cake/Error/ErrorHandler.php, line 230
ContatosController::_empresaSEO() - APP/Controller/ContatosController.php, line 1398
ContatosController::empresa() - APP/Controller/ContatosController.php, line 852
ReflectionMethod::invokeArgs() - [internal], line ??
Controller::invokeAction() - CORE/Cake/Controller/Controller.php, line 499
Dispatcher::_invoke() - CORE/Cake/Routing/Dispatcher.php, line 193
Dispatcher::dispatch() - CORE/Cake/Routing/Dispatcher.php, line 167
[main] - APP/webroot/index.php, line 117

2020-12-01 09:11:35 Notice: Notice (8): Undefined index: Contato in [/home/aonde/public_html/app/Controller/ContatosController.php, line 1399]
Trace:
ErrorHandler::handleError() - CORE/Cake/Error/ErrorHandler.php, line 230
ContatosController::_empresaSEO() - APP/Controller/ContatosController.php, line 1399
ContatosController::empresa() - APP/Controller/ContatosController.php, line 852
ReflectionMethod::invokeArgs() - [internal], line ??
Controller::invokeAction() - CORE/Cake/Controller/Controller.php, line 499
Dispatcher::_invoke() - CORE/Cake/Routing/Dispatcher.php, line 193
Dispatcher::dispatch() - CORE/Cake/Routing/Dispatcher.php, line 167
[main] - APP/webroot/index.php, line 117

2020-12-01 09:11:35 Notice: Notice (8): Undefined index: Cidade in [/home/aonde/public_html/app/Controller/ContatosController.php, line 1400]
Trace:
ErrorHandler::handleError() - CORE/Cake/Error/ErrorHandler.php, line 230
ContatosController::_empresaSEO() - APP/Controller/ContatosController.php, line 1400
ContatosController::empresa() - APP/Controller/ContatosController.php, line 852
ReflectionMethod::invokeArgs() - [internal], line ??
Controller::invokeAction() - CORE/Cake/Controller/Controller.php, line 499
Dispatcher::_invoke() - CORE/Cake/Routing/Dispatcher.php, line 193
Dispatcher::dispatch() - CORE/Cake/Routing/Dispatcher.php, line 167
[main] - APP/webroot/index.php, line 117

2020-12-01 09:11:35 Notice: Notice (8): Undefined index: Cidade in [/home/aonde/public_html/app/Controller/ContatosController.php, line 1401]
Trace:
ErrorHandler::handleError() - CORE/Cake/Error/ErrorHandler.php, line 230
ContatosController::_empresaSEO() - APP/Controller/ContatosController.php, line 1401
ContatosController::empresa() - APP/Controller/ContatosController.php, line 852
ReflectionMethod::invokeArgs() - [internal], line ??
Controller::invokeAction() - CORE/Cake/Controller/Controller.php, line 499
Dispatcher::_invoke() - CORE/Cake/Routing/Dispatcher.php, line 193
Dispatcher::dispatch() - CORE/Cake/Routing/Dispatcher.php, line 167
[main] - APP/webroot/index.php, line 117

2020-12-01 09:11:35 Notice: Notice (8): Undefined index: Logradouro in [/home/aonde/public_html/app/Controller/ContatosController.php, line 1402]
Trace:
ErrorHandler::handleError() - CORE/Cake/Error/ErrorHandler.php, line 230
ContatosController::_empresaSEO() - APP/Controller/ContatosController.php, line 1402
ContatosController::empresa() - APP/Controller/ContatosController.php, line 852
ReflectionMethod::invokeArgs() - [internal], line ??
Controller::invokeAction() - CORE/Cake/Controller/Controller.php, line 499
Dispatcher::_invoke() - CORE/Cake/Routing/Dispatcher.php, line 193
Dispatcher::dispatch() - CORE/Cake/Routing/Dispatcher.php, line 167
[main] - APP/webroot/index.php, line 117

2020-12-01 09:11:35 Notice: Notice (8): Undefined index: Bairro in [/home/aonde/public_html/app/Controller/ContatosController.php, line 1403]
Trace:
ErrorHandler::handleError() - CORE/Cake/Error/ErrorHandler.php, line 230
ContatosController::_empresaSEO() - APP/Controller/ContatosController.php, line 1403
ContatosController::empresa() - APP/Controller/ContatosController.php, line 852
ReflectionMethod::invokeArgs() - [internal], line ??
Controller::invokeAction() - CORE/Cake/Controller/Controller.php, line 499
Dispatcher::_invoke() - CORE/Cake/Routing/Dispatcher.php, line 193
Dispatcher::dispatch() - CORE/Cake/Routing/Dispatcher.php, line 167
[main] - APP/webroot/index.php, line 117

2020-12-01 09:11:35 Notice: Notice (8): Undefined index: Contato in [/home/aonde/public_html/app/Controller/ContatosController.php, line 1404]
Trace:
ErrorHandler::handleError() - CORE/Cake/Error/ErrorHandler.php, line 230
ContatosController::_empresaSEO() - APP/Controller/ContatosController.php, line 1404
ContatosController::empresa() - APP/Controller/ContatosController.php, line 852
ReflectionMethod::invokeArgs() - [internal], line ??
Controller::invokeAction() - CORE/Cake/Controller/Controller.php, line 499
Dispatcher::_invoke() - CORE/Cake/Routing/Dispatcher.php, line 193
Dispatcher::dispatch() - CORE/Cake/Routing/Dispatcher.php, line 167
[main] - APP/webroot/index.php, line 117

2020-12-07 12:57:01 Notice: Notice (8): Undefined index: Contato in [/home/aonde/public_html/app/Controller/ContatosController.php, line 839]
Trace:
ErrorHandler::handleError() - CORE/Cake/Error/ErrorHandler.php, line 230
ContatosController::empresa() - APP/Controller/ContatosController.php, line 839
ReflectionMethod::invokeArgs() - [internal], line ??
Controller::invokeAction() - CORE/Cake/Controller/Controller.php, line 499
Dispatcher::_invoke() - CORE/Cake/Routing/Dispatcher.php, line 193
Dispatcher::dispatch() - CORE/Cake/Routing/Dispatcher.php, line 167
[main] - APP/webroot/index.php, line 117

2020-12-07 12:57:01 Notice: Notice (8): Undefined index: Contato in [/home/aonde/public_html/app/Controller/ContatosController.php, line 1395]
Trace:
ErrorHandler::handleError() - CORE/Cake/Error/ErrorHandler.php, line 230
ContatosController::_empresaSEO() - APP/Controller/ContatosController.php, line 1395
ContatosController::empresa() - APP/Controller/ContatosController.php, line 852
ReflectionMethod::invokeArgs() - [internal], line ??
Controller::invokeAction() - CORE/Cake/Controller/Controller.php, line 499
Dispatcher::_invoke() - CORE/Cake/Routing/Dispatcher.php, line 193
Dispatcher::dispatch() - CORE/Cake/Routing/Dispatcher.php, line 167
[main] - APP/webroot/index.php, line 117

2020-12-07 12:57:01 Notice: Notice (8): Undefined index: Contato in [/home/aonde/public_html/app/Controller/ContatosController.php, line 1396]
Trace:
ErrorHandler::handleError() - CORE/Cake/Error/ErrorHandler.php, line 230
ContatosController::_empresaSEO() - APP/Controller/ContatosController.php, line 1396
ContatosController::empresa() - APP/Controller/ContatosController.php, line 852
ReflectionMethod::invokeArgs() - [internal], line ??
Controller::invokeAction() - CORE/Cake/Controller/Controller.php, line 499
Dispatcher::_invoke() - CORE/Cake/Routing/Dispatcher.php, line 193
Dispatcher::dispatch() - CORE/Cake/Routing/Dispatcher.php, line 167
[main] - APP/webroot/index.php, line 117

2020-12-07 12:57:01 Notice: Notice (8): Undefined index: Contato in [/home/aonde/public_html/app/Controller/ContatosController.php, line 1397]
Trace:
ErrorHandler::handleError() - CORE/Cake/Error/ErrorHandler.php, line 230
ContatosController::_empresaSEO() - APP/Controller/ContatosController.php, line 1397
ContatosController::empresa() - APP/Controller/ContatosController.php, line 852
ReflectionMethod::invokeArgs() - [internal], line ??
Controller::invokeAction() - CORE/Cake/Controller/Controller.php, line 499
Dispatcher::_invoke() - CORE/Cake/Routing/Dispatcher.php, line 193
Dispatcher::dispatch() - CORE/Cake/Routing/Dispatcher.php, line 167
[main] - APP/webroot/index.php, line 117

2020-12-07 12:57:01 Notice: Notice (8): Undefined index: Contato in [/home/aonde/public_html/app/Controller/ContatosController.php, line 1398]
Trace:
ErrorHandler::handleError() - CORE/Cake/Error/ErrorHandler.php, line 230
ContatosController::_empresaSEO() - APP/Controller/ContatosController.php, line 1398
ContatosController::empresa() - APP/Controller/ContatosController.php, line 852
ReflectionMethod::invokeArgs() - [internal], line ??
Controller::invokeAction() - CORE/Cake/Controller/Controller.php, line 499
Dispatcher::_invoke() - CORE/Cake/Routing/Dispatcher.php, line 193
Dispatcher::dispatch() - CORE/Cake/Routing/Dispatcher.php, line 167
[main] - APP/webroot/index.php, line 117

2020-12-07 12:57:01 Notice: Notice (8): Undefined index: Contato in [/home/aonde/public_html/app/Controller/ContatosController.php, line 1399]
Trace:
ErrorHandler::handleError() - CORE/Cake/Error/ErrorHandler.php, line 230
ContatosController::_empresaSEO() - APP/Controller/ContatosController.php, line 1399
ContatosController::empresa() - APP/Controller/ContatosController.php, line 852
ReflectionMethod::invokeArgs() - [internal], line ??
Controller::invokeAction() - CORE/Cake/Controller/Controller.php, line 499
Dispatcher::_invoke() - CORE/Cake/Routing/Dispatcher.php, line 193
Dispatcher::dispatch() - CORE/Cake/Routing/Dispatcher.php, line 167
[main] - APP/webroot/index.php, line 117

2020-12-07 12:57:01 Notice: Notice (8): Undefined index: Cidade in [/home/aonde/public_html/app/Controller/ContatosController.php, line 1400]
Trace:
ErrorHandler::handleError() - CORE/Cake/Error/ErrorHandler.php, line 230
ContatosController::_empresaSEO() - APP/Controller/ContatosController.php, line 1400
ContatosController::empresa() - APP/Controller/ContatosController.php, line 852
ReflectionMethod::invokeArgs() - [internal], line ??
Controller::invokeAction() - CORE/Cake/Controller/Controller.php, line 499
Dispatcher::_invoke() - CORE/Cake/Routing/Dispatcher.php, line 193
Dispatcher::dispatch() - CORE/Cake/Routing/Dispatcher.php, line 167
[main] - APP/webroot/index.php, line 117

2020-12-07 12:57:01 Notice: Notice (8): Undefined index: Cidade in [/home/aonde/public_html/app/Controller/ContatosController.php, line 1401]
Trace:
ErrorHandler::handleError() - CORE/Cake/Error/ErrorHandler.php, line 230
ContatosController::_empresaSEO() - APP/Controller/ContatosController.php, line 1401
ContatosController::empresa() - APP/Controller/ContatosController.php, line 852
ReflectionMethod::invokeArgs() - [internal], line ??
Controller::invokeAction() - CORE/Cake/Controller/Controller.php, line 499
Dispatcher::_invoke() - CORE/Cake/Routing/Dispatcher.php, line 193
Dispatcher::dispatch() - CORE/Cake/Routing/Dispatcher.php, line 167
[main] - APP/webroot/index.php, line 117

2020-12-07 12:57:01 Notice: Notice (8): Undefined index: Logradouro in [/home/aonde/public_html/app/Controller/ContatosController.php, line 1402]
Trace:
ErrorHandler::handleError() - CORE/Cake/Error/ErrorHandler.php, line 230
ContatosController::_empresaSEO() - APP/Controller/ContatosController.php, line 1402
ContatosController::empresa() - APP/Controller/ContatosController.php, line 852
ReflectionMethod::invokeArgs() - [internal], line ??
Controller::invokeAction() - CORE/Cake/Controller/Controller.php, line 499
Dispatcher::_invoke() - CORE/Cake/Routing/Dispatcher.php, line 193
Dispatcher::dispatch() - CORE/Cake/Routing/Dispatcher.php, line 167
[main] - APP/webroot/index.php, line 117

2020-12-07 12:57:01 Notice: Notice (8): Undefined index: Bairro in [/home/aonde/public_html/app/Controller/ContatosController.php, line 1403]
Trace:
ErrorHandler::handleError() - CORE/Cake/Error/ErrorHandler.php, line 230
ContatosController::_empresaSEO() - APP/Controller/ContatosController.php, line 1403
ContatosController::empresa() - APP/Controller/ContatosController.php, line 852
ReflectionMethod::invokeArgs() - [internal], line ??
Controller::invokeAction() - CORE/Cake/Controller/Controller.php, line 499
Dispatcher::_invoke() - CORE/Cake/Routing/Dispatcher.php, line 193
Dispatcher::dispatch() - CORE/Cake/Routing/Dispatcher.php, line 167
[main] - APP/webroot/index.php, line 117

2020-12-07 12:57:01 Notice: Notice (8): Undefined index: Contato in [/home/aonde/public_html/app/Controller/ContatosController.php, line 1404]
Trace:
ErrorHandler::handleError() - CORE/Cake/Error/ErrorHandler.php, line 230
ContatosController::_empresaSEO() - APP/Controller/ContatosController.php, line 1404
ContatosController::empresa() - APP/Controller/ContatosController.php, line 852
ReflectionMethod::invokeArgs() - [internal], line ??
Controller::invokeAction() - CORE/Cake/Controller/Controller.php, line 499
Dispatcher::_invoke() - CORE/Cake/Routing/Dispatcher.php, line 193
Dispatcher::dispatch() - CORE/Cake/Routing/Dispatcher.php, line 167
[main] - APP/webroot/index.php, line 117

2020-12-18 13:22:18 Notice: Notice (8): Undefined index: Contato in [/home/aonde/public_html/app/Controller/ContatosController.php, line 839]
Trace:
ErrorHandler::handleError() - CORE/Cake/Error/ErrorHandler.php, line 230
ContatosController::empresa() - APP/Controller/ContatosController.php, line 839
ReflectionMethod::invokeArgs() - [internal], line ??
Controller::invokeAction() - CORE/Cake/Controller/Controller.php, line 499
Dispatcher::_invoke() - CORE/Cake/Routing/Dispatcher.php, line 193
Dispatcher::dispatch() - CORE/Cake/Routing/Dispatcher.php, line 167
[main] - APP/webroot/index.php, line 117

2020-12-18 13:22:18 Notice: Notice (8): Undefined index: Contato in [/home/aonde/public_html/app/Controller/ContatosController.php, line 1395]
Trace:
ErrorHandler::handleError() - CORE/Cake/Error/ErrorHandler.php, line 230
ContatosController::_empresaSEO() - APP/Controller/ContatosController.php, line 1395
ContatosController::empresa() - APP/Controller/ContatosController.php, line 852
ReflectionMethod::invokeArgs() - [internal], line ??
Controller::invokeAction() - CORE/Cake/Controller/Controller.php, line 499
Dispatcher::_invoke() - CORE/Cake/Routing/Dispatcher.php, line 193
Dispatcher::dispatch() - CORE/Cake/Routing/Dispatcher.php, line 167
[main] - APP/webroot/index.php, line 117

2020-12-18 13:22:18 Notice: Notice (8): Undefined index: Contato in [/home/aonde/public_html/app/Controller/ContatosController.php, line 1396]
Trace:
ErrorHandler::handleError() - CORE/Cake/Error/ErrorHandler.php, line 230
ContatosController::_empresaSEO() - APP/Controller/ContatosController.php, line 1396
ContatosController::empresa() - APP/Controller/ContatosController.php, line 852
ReflectionMethod::invokeArgs() - [internal], line ??
Controller::invokeAction() - CORE/Cake/Controller/Controller.php, line 499
Dispatcher::_invoke() - CORE/Cake/Routing/Dispatcher.php, line 193
Dispatcher::dispatch() - CORE/Cake/Routing/Dispatcher.php, line 167
[main] - APP/webroot/index.php, line 117

2020-12-18 13:22:18 Notice: Notice (8): Undefined index: Contato in [/home/aonde/public_html/app/Controller/ContatosController.php, line 1397]
Trace:
ErrorHandler::handleError() - CORE/Cake/Error/ErrorHandler.php, line 230
ContatosController::_empresaSEO() - APP/Controller/ContatosController.php, line 1397
ContatosController::empresa() - APP/Controller/ContatosController.php, line 852
ReflectionMethod::invokeArgs() - [internal], line ??
Controller::invokeAction() - CORE/Cake/Controller/Controller.php, line 499
Dispatcher::_invoke() - CORE/Cake/Routing/Dispatcher.php, line 193
Dispatcher::dispatch() - CORE/Cake/Routing/Dispatcher.php, line 167
[main] - APP/webroot/index.php, line 117

2020-12-18 13:22:18 Notice: Notice (8): Undefined index: Contato in [/home/aonde/public_html/app/Controller/ContatosController.php, line 1398]
Trace:
ErrorHandler::handleError() - CORE/Cake/Error/ErrorHandler.php, line 230
ContatosController::_empresaSEO() - APP/Controller/ContatosController.php, line 1398
ContatosController::empresa() - APP/Controller/ContatosController.php, line 852
ReflectionMethod::invokeArgs() - [internal], line ??
Controller::invokeAction() - CORE/Cake/Controller/Controller.php, line 499
Dispatcher::_invoke() - CORE/Cake/Routing/Dispatcher.php, line 193
Dispatcher::dispatch() - CORE/Cake/Routing/Dispatcher.php, line 167
[main] - APP/webroot/index.php, line 117

2020-12-18 13:22:18 Notice: Notice (8): Undefined index: Contato in [/home/aonde/public_html/app/Controller/ContatosController.php, line 1399]
Trace:
ErrorHandler::handleError() - CORE/Cake/Error/ErrorHandler.php, line 230
ContatosController::_empresaSEO() - APP/Controller/ContatosController.php, line 1399
ContatosController::empresa() - APP/Controller/ContatosController.php, line 852
ReflectionMethod::invokeArgs() - [internal], line ??
Controller::invokeAction() - CORE/Cake/Controller/Controller.php, line 499
Dispatcher::_invoke() - CORE/Cake/Routing/Dispatcher.php, line 193
Dispatcher::dispatch() - CORE/Cake/Routing/Dispatcher.php, line 167
[main] - APP/webroot/index.php, line 117

2020-12-18 13:22:18 Notice: Notice (8): Undefined index: Cidade in [/home/aonde/public_html/app/Controller/ContatosController.php, line 1400]
Trace:
ErrorHandler::handleError() - CORE/Cake/Error/ErrorHandler.php, line 230
ContatosController::_empresaSEO() - APP/Controller/ContatosController.php, line 1400
ContatosController::empresa() - APP/Controller/ContatosController.php, line 852
ReflectionMethod::invokeArgs() - [internal], line ??
Controller::invokeAction() - CORE/Cake/Controller/Controller.php, line 499
Dispatcher::_invoke() - CORE/Cake/Routing/Dispatcher.php, line 193
Dispatcher::dispatch() - CORE/Cake/Routing/Dispatcher.php, line 167
[main] - APP/webroot/index.php, line 117

2020-12-18 13:22:18 Notice: Notice (8): Undefined index: Cidade in [/home/aonde/public_html/app/Controller/ContatosController.php, line 1401]
Trace:
ErrorHandler::handleError() - CORE/Cake/Error/ErrorHandler.php, line 230
ContatosController::_empresaSEO() - APP/Controller/ContatosController.php, line 1401
ContatosController::empresa() - APP/Controller/ContatosController.php, line 852
ReflectionMethod::invokeArgs() - [internal], line ??
Controller::invokeAction() - CORE/Cake/Controller/Controller.php, line 499
Dispatcher::_invoke() - CORE/Cake/Routing/Dispatcher.php, line 193
Dispatcher::dispatch() - CORE/Cake/Routing/Dispatcher.php, line 167
[main] - APP/webroot/index.php, line 117

2020-12-18 13:22:18 Notice: Notice (8): Undefined index: Logradouro in [/home/aonde/public_html/app/Controller/ContatosController.php, line 1402]
Trace:
ErrorHandler::handleError() - CORE/Cake/Error/ErrorHandler.php, line 230
ContatosController::_empresaSEO() - APP/Controller/ContatosController.php, line 1402
ContatosController::empresa() - APP/Controller/ContatosController.php, line 852
ReflectionMethod::invokeArgs() - [internal], line ??
Controller::invokeAction() - CORE/Cake/Controller/Controller.php, line 499
Dispatcher::_invoke() - CORE/Cake/Routing/Dispatcher.php, line 193
Dispatcher::dispatch() - CORE/Cake/Routing/Dispatcher.php, line 167
[main] - APP/webroot/index.php, line 117

2020-12-18 13:22:18 Notice: Notice (8): Undefined index: Bairro in [/home/aonde/public_html/app/Controller/ContatosController.php, line 1403]
Trace:
ErrorHandler::handleError() - CORE/Cake/Error/ErrorHandler.php, line 230
ContatosController::_empresaSEO() - APP/Controller/ContatosController.php, line 1403
ContatosController::empresa() - APP/Controller/ContatosController.php, line 852
ReflectionMethod::invokeArgs() - [internal], line ??
Controller::invokeAction() - CORE/Cake/Controller/Controller.php, line 499
Dispatcher::_invoke() - CORE/Cake/Routing/Dispatcher.php, line 193
Dispatcher::dispatch() - CORE/Cake/Routing/Dispatcher.php, line 167
[main] - APP/webroot/index.php, line 117

2020-12-18 13:22:18 Notice: Notice (8): Undefined index: Contato in [/home/aonde/public_html/app/Controller/ContatosController.php, line 1404]
Trace:
ErrorHandler::handleError() - CORE/Cake/Error/ErrorHandler.php, line 230
ContatosController::_empresaSEO() - APP/Controller/ContatosController.php, line 1404
ContatosController::empresa() - APP/Controller/ContatosController.php, line 852
ReflectionMethod::invokeArgs() - [internal], line ??
Controller::invokeAction() - CORE/Cake/Controller/Controller.php, line 499
Dispatcher::_invoke() - CORE/Cake/Routing/Dispatcher.php, line 193
Dispatcher::dispatch() - CORE/Cake/Routing/Dispatcher.php, line 167
[main] - APP/webroot/index.php, line 117

2021-01-04 14:53:58 Notice: Notice (8): Undefined index: Contato in [/home/aonde/public_html/app/Controller/ContatosController.php, line 839]
Trace:
ErrorHandler::handleError() - CORE/Cake/Error/ErrorHandler.php, line 230
ContatosController::empresa() - APP/Controller/ContatosController.php, line 839
ReflectionMethod::invokeArgs() - [internal], line ??
Controller::invokeAction() - CORE/Cake/Controller/Controller.php, line 499
Dispatcher::_invoke() - CORE/Cake/Routing/Dispatcher.php, line 193
Dispatcher::dispatch() - CORE/Cake/Routing/Dispatcher.php, line 167
[main] - APP/webroot/index.php, line 117

2021-01-04 14:53:58 Notice: Notice (8): Undefined index: Contato in [/home/aonde/public_html/app/Controller/ContatosController.php, line 1395]
Trace:
ErrorHandler::handleError() - CORE/Cake/Error/ErrorHandler.php, line 230
ContatosController::_empresaSEO() - APP/Controller/ContatosController.php, line 1395
ContatosController::empresa() - APP/Controller/ContatosController.php, line 852
ReflectionMethod::invokeArgs() - [internal], line ??
Controller::invokeAction() - CORE/Cake/Controller/Controller.php, line 499
Dispatcher::_invoke() - CORE/Cake/Routing/Dispatcher.php, line 193
Dispatcher::dispatch() - CORE/Cake/Routing/Dispatcher.php, line 167
[main] - APP/webroot/index.php, line 117

2021-01-04 14:53:58 Notice: Notice (8): Undefined index: Contato in [/home/aonde/public_html/app/Controller/ContatosController.php, line 1396]
Trace:
ErrorHandler::handleError() - CORE/Cake/Error/ErrorHandler.php, line 230
ContatosController::_empresaSEO() - APP/Controller/ContatosController.php, line 1396
ContatosController::empresa() - APP/Controller/ContatosController.php, line 852
ReflectionMethod::invokeArgs() - [internal], line ??
Controller::invokeAction() - CORE/Cake/Controller/Controller.php, line 499
Dispatcher::_invoke() - CORE/Cake/Routing/Dispatcher.php, line 193
Dispatcher::dispatch() - CORE/Cake/Routing/Dispatcher.php, line 167
[main] - APP/webroot/index.php, line 117

2021-01-04 14:53:58 Notice: Notice (8): Undefined index: Contato in [/home/aonde/public_html/app/Controller/ContatosController.php, line 1397]
Trace:
ErrorHandler::handleError() - CORE/Cake/Error/ErrorHandler.php, line 230
ContatosController::_empresaSEO() - APP/Controller/ContatosController.php, line 1397
ContatosController::empresa() - APP/Controller/ContatosController.php, line 852
ReflectionMethod::invokeArgs() - [internal], line ??
Controller::invokeAction() - CORE/Cake/Controller/Controller.php, line 499
Dispatcher::_invoke() - CORE/Cake/Routing/Dispatcher.php, line 193
Dispatcher::dispatch() - CORE/Cake/Routing/Dispatcher.php, line 167
[main] - APP/webroot/index.php, line 117

2021-01-04 14:53:58 Notice: Notice (8): Undefined index: Contato in [/home/aonde/public_html/app/Controller/ContatosController.php, line 1398]
Trace:
ErrorHandler::handleError() - CORE/Cake/Error/ErrorHandler.php, line 230
ContatosController::_empresaSEO() - APP/Controller/ContatosController.php, line 1398
ContatosController::empresa() - APP/Controller/ContatosController.php, line 852
ReflectionMethod::invokeArgs() - [internal], line ??
Controller::invokeAction() - CORE/Cake/Controller/Controller.php, line 499
Dispatcher::_invoke() - CORE/Cake/Routing/Dispatcher.php, line 193
Dispatcher::dispatch() - CORE/Cake/Routing/Dispatcher.php, line 167
[main] - APP/webroot/index.php, line 117

2021-01-04 14:54:00 Notice: Notice (8): Undefined index: Contato in [/home/aonde/public_html/app/Controller/ContatosController.php, line 1399]
Trace:
ErrorHandler::handleError() - CORE/Cake/Error/ErrorHandler.php, line 230
ContatosController::_empresaSEO() - APP/Controller/ContatosController.php, line 1399
ContatosController::empresa() - APP/Controller/ContatosController.php, line 852
ReflectionMethod::invokeArgs() - [internal], line ??
Controller::invokeAction() - CORE/Cake/Controller/Controller.php, line 499
Dispatcher::_invoke() - CORE/Cake/Routing/Dispatcher.php, line 193
Dispatcher::dispatch() - CORE/Cake/Routing/Dispatcher.php, line 167
[main] - APP/webroot/index.php, line 117

2021-01-04 14:54:00 Notice: Notice (8): Undefined index: Cidade in [/home/aonde/public_html/app/Controller/ContatosController.php, line 1400]
Trace:
ErrorHandler::handleError() - CORE/Cake/Error/ErrorHandler.php, line 230
ContatosController::_empresaSEO() - APP/Controller/ContatosController.php, line 1400
ContatosController::empresa() - APP/Controller/ContatosController.php, line 852
ReflectionMethod::invokeArgs() - [internal], line ??
Controller::invokeAction() - CORE/Cake/Controller/Controller.php, line 499
Dispatcher::_invoke() - CORE/Cake/Routing/Dispatcher.php, line 193
Dispatcher::dispatch() - CORE/Cake/Routing/Dispatcher.php, line 167
[main] - APP/webroot/index.php, line 117

2021-01-04 14:54:00 Notice: Notice (8): Undefined index: Cidade in [/home/aonde/public_html/app/Controller/ContatosController.php, line 1401]
Trace:
ErrorHandler::handleError() - CORE/Cake/Error/ErrorHandler.php, line 230
ContatosController::_empresaSEO() - APP/Controller/ContatosController.php, line 1401
ContatosController::empresa() - APP/Controller/ContatosController.php, line 852
ReflectionMethod::invokeArgs() - [internal], line ??
Controller::invokeAction() - CORE/Cake/Controller/Controller.php, line 499
Dispatcher::_invoke() - CORE/Cake/Routing/Dispatcher.php, line 193
Dispatcher::dispatch() - CORE/Cake/Routing/Dispatcher.php, line 167
[main] - APP/webroot/index.php, line 117

2021-01-04 14:54:00 Notice: Notice (8): Undefined index: Logradouro in [/home/aonde/public_html/app/Controller/ContatosController.php, line 1402]
Trace:
ErrorHandler::handleError() - CORE/Cake/Error/ErrorHandler.php, line 230
ContatosController::_empresaSEO() - APP/Controller/ContatosController.php, line 1402
ContatosController::empresa() - APP/Controller/ContatosController.php, line 852
ReflectionMethod::invokeArgs() - [internal], line ??
Controller::invokeAction() - CORE/Cake/Controller/Controller.php, line 499
Dispatcher::_invoke() - CORE/Cake/Routing/Dispatcher.php, line 193
Dispatcher::dispatch() - CORE/Cake/Routing/Dispatcher.php, line 167
[main] - APP/webroot/index.php, line 117

2021-01-04 14:54:00 Notice: Notice (8): Undefined index: Bairro in [/home/aonde/public_html/app/Controller/ContatosController.php, line 1403]
Trace:
ErrorHandler::handleError() - CORE/Cake/Error/ErrorHandler.php, line 230
ContatosController::_empresaSEO() - APP/Controller/ContatosController.php, line 1403
ContatosController::empresa() - APP/Controller/ContatosController.php, line 852
ReflectionMethod::invokeArgs() - [internal], line ??
Controller::invokeAction() - CORE/Cake/Controller/Controller.php, line 499
Dispatcher::_invoke() - CORE/Cake/Routing/Dispatcher.php, line 193
Dispatcher::dispatch() - CORE/Cake/Routing/Dispatcher.php, line 167
[main] - APP/webroot/index.php, line 117

2021-01-04 14:54:00 Notice: Notice (8): Undefined index: Contato in [/home/aonde/public_html/app/Controller/ContatosController.php, line 1404]
Trace:
ErrorHandler::handleError() - CORE/Cake/Error/ErrorHandler.php, line 230
ContatosController::_empresaSEO() - APP/Controller/ContatosController.php, line 1404
ContatosController::empresa() - APP/Controller/ContatosController.php, line 852
ReflectionMethod::invokeArgs() - [internal], line ??
Controller::invokeAction() - CORE/Cake/Controller/Controller.php, line 499
Dispatcher::_invoke() - CORE/Cake/Routing/Dispatcher.php, line 193
Dispatcher::dispatch() - CORE/Cake/Routing/Dispatcher.php, line 167
[main] - APP/webroot/index.php, line 117

